-------------------------------------------------------------------------------
Test set: com.example.genres_ms.GenresMSApplicationTests
-------------------------------------------------------------------------------
Tests run: 1, Failures: 0, Errors: 1, Skipped: 0, Time elapsed: 18.86 s <<< FAILURE! - in com.example.genres_ms.GenresMSApplicationTests
contextLoads  Time elapsed: 0.004 s  <<< ERROR!
java.lang.IllegalStateException: Failed to load ApplicationContext
Caused by: org.springframework.beans.factory.BeanCreationException: Error creating bean with name 'moviesGenresRepository': FactoryBean threw exception on object creation; nested exception is java.lang.IllegalArgumentException: Failed to create query for method public abstract java.util.List com.example.genres_ms.repository.MoviesGenresRepository.getMoviesByGenre_uuid(java.lang.String)! No property genre found for type Movie_Genres!
Caused by: java.lang.IllegalArgumentException: Failed to create query for method public abstract java.util.List com.example.genres_ms.repository.MoviesGenresRepository.getMoviesByGenre_uuid(java.lang.String)! No property genre found for type Movie_Genres!
Caused by: org.springframework.data.mapping.PropertyReferenceException: No property genre found for type Movie_Genres!

