-------------------------------------------------------------------------------
Test set: com.example.genres_ms.GenresMSControllerUnitTests
-------------------------------------------------------------------------------
Tests run: 2, Failures: 0, Errors: 2, Skipped: 0, Time elapsed: 10.158 s <<< FAILURE! - in com.example.genres_ms.GenresMSControllerUnitTests
requestOneGenreItem_thenReturnJsonGenre  Time elapsed: 0 s  <<< ERROR!
java.lang.IllegalStateException: Failed to load ApplicationContext
Caused by: org.springframework.beans.factory.BeanCreationException: Error creating bean with name 'moviesGenresRepository': FactoryBean threw exception on object creation; nested exception is java.lang.IllegalArgumentException: Failed to create query for method public abstract java.util.List com.example.genres_ms.repository.MoviesGenresRepository.getMoviesByGenre_uuid(java.lang.String)! No property genre found for type Movie_Genres!
Caused by: java.lang.IllegalArgumentException: Failed to create query for method public abstract java.util.List com.example.genres_ms.repository.MoviesGenresRepository.getMoviesByGenre_uuid(java.lang.String)! No property genre found for type Movie_Genres!
Caused by: org.springframework.data.mapping.PropertyReferenceException: No property genre found for type Movie_Genres!

requestAllItemsOnGenre_thenReturnJsonGenreList  Time elapsed: 0 s  <<< ERROR!
java.lang.IllegalStateException: Failed to load ApplicationContext
Caused by: org.springframework.beans.factory.BeanCreationException: Error creating bean with name 'moviesGenresRepository': FactoryBean threw exception on object creation; nested exception is java.lang.IllegalArgumentException: Failed to create query for method public abstract java.util.List com.example.genres_ms.repository.MoviesGenresRepository.getMoviesByGenre_uuid(java.lang.String)! No property genre found for type Movie_Genres!
Caused by: java.lang.IllegalArgumentException: Failed to create query for method public abstract java.util.List com.example.genres_ms.repository.MoviesGenresRepository.getMoviesByGenre_uuid(java.lang.String)! No property genre found for type Movie_Genres!
Caused by: org.springframework.data.mapping.PropertyReferenceException: No property genre found for type Movie_Genres!

